[debug] ----------------------------------------------------------------------
[debug] Command:      C:\Program Files\nodejs\node.exe C:\Users\Pramod\AppData\Roaming\npm\node_modules\firebase-tools\bin\firebase serve
[debug] CLI Version:  3.2.1
[debug] Platform:     win32
[debug] Node Version: v4.4.3
[debug] Time:         Tue Jan 03 2017 23:55:36 GMT-0500 (Eastern Standard Time)
[debug] ----------------------------------------------------------------------
[debug] 
[info] Starting Firebase development server...
[info] 
[info] Project Directory: C:\Users\Pramod\AngularJS Project\Sample
[info] Public Directory: public
[info] 
[info] Server listening at: http://localhost:5000
[info] Shutting down...
[debug] ----------------------------------------------------------------------
[debug] Command:      C:\Program Files\nodejs\node.exe C:\Users\Pramod\AppData\Roaming\npm\node_modules\firebase-tools\bin\firebase serve
[debug] CLI Version:  3.2.1
[debug] Platform:     win32
[debug] Node Version: v4.4.3
[debug] Time:         Tue Jan 03 2017 23:56:39 GMT-0500 (Eastern Standard Time)
[debug] ----------------------------------------------------------------------
[debug] 
[info] Starting Firebase development server...
[info] 
[info] Project Directory: C:\Users\Pramod\AngularJS Project\Sample
[info] Public Directory: public
[info] 
[info] Server listening at: http://localhost:5000
[debug] ----------------------------------------------------------------------
[debug] Command:      C:\Program Files\nodejs\node.exe C:\Users\Pramod\AppData\Roaming\npm\node_modules\firebase-tools\bin\firebase serve
[debug] CLI Version:  3.2.1
[debug] Platform:     win32
[debug] Node Version: v4.4.3
[debug] Time:         Tue Jan 03 2017 23:58:53 GMT-0500 (Eastern Standard Time)
[debug] ----------------------------------------------------------------------
[debug] 
[info] Starting Firebase development server...
[info] 
[info] Project Directory: C:\Users\Pramod\AngularJS Project\Sample
[info] Public Directory: public
[info] 
[info] Server listening at: http://localhost:5000
[info] Shutting down...
[debug] ----------------------------------------------------------------------
[debug] Command:      C:\Program Files\nodejs\node.exe C:\Users\Pramod\AppData\Roaming\npm\node_modules\firebase-tools\bin\firebase serve
[debug] CLI Version:  3.2.1
[debug] Platform:     win32
[debug] Node Version: v4.4.3
[debug] Time:         Wed Jan 04 2017 00:35:00 GMT-0500 (Eastern Standard Time)
[debug] ----------------------------------------------------------------------
[debug] 
[info] Starting Firebase development server...
[info] 
[info] Project Directory: C:\Users\Pramod\AngularJS Project\Sample
[info] Public Directory: public
[info] 
[info] Server listening at: http://localhost:5000
[info] Shutting down...
